<?xml version="1.0" encoding="UTF-8"?>
<testng-results skipped="0" failed="0" total="1" passed="1">
  <reporter-output>
  </reporter-output>
  <suite name="test.MyFirstWebDriverTest" duration-ms="32211" started-at="2016-06-24T22:12:26Z" finished-at="2016-06-24T22:12:58Z">
    <groups>
    </groups>
    <test name="Command line test" duration-ms="32211" started-at="2016-06-24T22:12:26Z" finished-at="2016-06-24T22:12:58Z">
      <class name="test.MyFirstWebDriverTest">
        <test-method status="PASS" signature="setUP()[pri:0, instance:test.MyFirstWebDriverTest@18ceff1]" name="setUP" is-config="true" duration-ms="9932" started-at="2016-06-24T17:12:26Z" finished-at="2016-06-24T17:12:35Z">
          <reporter-output>
          </reporter-output>
        </test-method> <!-- setUP -->
        <test-method status="PASS" signature="testMyFirstWebDriver()[pri:0, instance:test.MyFirstWebDriverTest@18ceff1]" name="testMyFirstWebDriver" duration-ms="22262" started-at="2016-06-24T17:12:35Z" finished-at="2016-06-24T17:12:58Z">
          <reporter-output>
          </reporter-output>
        </test-method> <!-- testMyFirstWebDriver -->
      </class> <!-- test.MyFirstWebDriverTest -->
    </test> <!-- Command line test -->
  </suite> <!-- test.MyFirstWebDriverTest -->
</testng-results>
